-------------------------------------------------------------------------------
Test set: io.azpect.logger.AzpectLoggerApplicationTests
-------------------------------------------------------------------------------
Tests run: 1, Failures: 0, Errors: 1, Skipped: 0, Time elapsed: 12.268 s <<< FAILURE! - in io.azpect.logger.AzpectLoggerApplicationTests
contextLoads  Time elapsed: 0.017 s  <<< ERROR!
java.lang.IllegalStateException: Failed to load ApplicationContext
Caused by: org.springframework.beans.factory.BeanCreationException: Error creating bean with name 'org.springframework.cloud.autoconfigure.ConfigurationPropertiesRebinderAutoConfiguration': Initialization of bean failed; nested exception is java.lang.IllegalArgumentException: error at ::0 can't find referenced pointcut allMethods
Caused by: java.lang.IllegalArgumentException: error at ::0 can't find referenced pointcut allMethods

