-------------------------------------------------------------------------------
Test set: my.logger.LoggerTestApplicationTests
-------------------------------------------------------------------------------
Tests run: 1, Failures: 0, Errors: 1, Skipped: 0, Time elapsed: 0.432 s <<< FAILURE! - in my.logger.LoggerTestApplicationTests
my.logger.LoggerTestApplicationTests  Time elapsed: 0.428 s  <<< ERROR!
java.lang.IllegalStateException: Unable to find a @SpringBootConfiguration, you need to use @ContextConfiguration or @SpringBootTest(classes=...) with your test

